# JRE version: Java(TM) SE Runtime Environment (8.0_241-b07) (build 1.8.0_241-b07)
# Java VM: Java HotSpot(TM) 64-Bit Server VM (25.241-b07 mixed mode windows-amd64 compressed oops)
Heap:
 PSYoungGen      total 204800K, used 168579K [0x00000000d5580000, 0x00000000e5f80000, 0x0000000100000000)
  eden space 177152K, 79% used [0x00000000d5580000,0x00000000ddf257a8,0x00000000e0280000)
  from space 27648K, 99% used [0x00000000e0280000,0x00000000e1d7b748,0x00000000e1d80000)
  to   space 33792K, 0% used [0x00000000e3e80000,0x00000000e3e80000,0x00000000e5f80000)
 ParOldGen       total 254976K, used 46849K [0x0000000080000000, 0x000000008f900000, 0x00000000d5580000)
  object space 254976K, 18% used [0x0000000080000000,0x0000000082dc0770,0x000000008f900000)
 Metaspace       used 86104K, capacity 90926K, committed 91264K, reserved 1128448K
  class space    used 11712K, capacity 12574K, committed 12672K, reserved 1048576K
GC Heap History (10 events):
Event: 9.122 GC heap before
{Heap before GC invocations=12 (full 2):
 PSYoungGen      total 164352K, used 161757K [0x00000000d5580000, 0x00000000e1600000, 0x0000000100000000)
  eden space 146432K, 100% used [0x00000000d5580000,0x00000000de480000,0x00000000de480000)
  from space 17920K, 85% used [0x00000000de480000,0x00000000df3777b0,0x00000000df600000)
  to   space 18944K, 0% used [0x00000000e0380000,0x00000000e0380000,0x00000000e1600000)
 ParOldGen       total 174080K, used 23202K [0x0000000080000000, 0x000000008aa00000, 0x00000000d5580000)
  object space 174080K, 13% used [0x0000000080000000,0x00000000816a8b80,0x000000008aa00000)
 Metaspace       used 56309K, capacity 59118K, committed 59160K, reserved 1099776K
  class space    used 7761K, capacity 8316K, committed 8320K, reserved 1048576K
Event: 9.144 GC heap after
Heap after GC invocations=12 (full 2):
 PSYoungGen      total 172544K, used 18915K [0x00000000d5580000, 0x00000000e3300000, 0x0000000100000000)
  eden space 153600K, 0% used [0x00000000d5580000,0x00000000d5580000,0x00000000deb80000)
  from space 18944K, 99% used [0x00000000e0380000,0x00000000e15f8f70,0x00000000e1600000)
  to   space 24576K, 0% used [0x00000000deb80000,0x00000000deb80000,0x00000000e0380000)
 ParOldGen       total 174080K, used 31966K [0x0000000080000000, 0x000000008aa00000, 0x00000000d5580000)
  object space 174080K, 18% used [0x0000000080000000,0x0000000081f37988,0x000000008aa00000)
 Metaspace       used 56309K, capacity 59118K, committed 59160K, reserved 1099776K
  class space    used 7761K, capacity 8316K, committed 8320K, reserved 1048576K
}
Event: 9.144 GC heap before
{Heap before GC invocations=13 (full 3):
 PSYoungGen      total 172544K, used 18915K [0x00000000d5580000, 0x00000000e3300000, 0x0000000100000000)
  eden space 153600K, 0% used [0x00000000d5580000,0x00000000d5580000,0x00000000deb80000)
  from space 18944K, 99% used [0x00000000e0380000,0x00000000e15f8f70,0x00000000e1600000)
  to   space 24576K, 0% used [0x00000000deb80000,0x00000000deb80000,0x00000000e0380000)
 ParOldGen       total 174080K, used 31966K [0x0000000080000000, 0x000000008aa00000, 0x00000000d5580000)
  object space 174080K, 18% used [0x0000000080000000,0x0000000081f37988,0x000000008aa00000)
 Metaspace       used 56309K, capacity 59118K, committed 59160K, reserved 1099776K
  class space    used 7761K, capacity 8316K, committed 8320K, reserved 1048576K
Event: 9.336 GC heap after
Heap after GC invocations=13 (full 3):
 PSYoungGen      total 172544K, used 0K [0x00000000d5580000, 0x00000000e3300000, 0x0000000100000000)
  eden space 153600K, 0% used [0x00000000d5580000,0x00000000d5580000,0x00000000deb80000)
  from space 18944K, 0% used [0x00000000e0380000,0x00000000e0380000,0x00000000e1600000)
  to   space 24576K, 0% used [0x00000000deb80000,0x00000000deb80000,0x00000000e0380000)
 ParOldGen       total 254976K, used 39586K [0x0000000080000000, 0x000000008f900000, 0x00000000d5580000)
  object space 254976K, 15% used [0x0000000080000000,0x00000000826a8ab0,0x000000008f900000)
 Metaspace       used 56262K, capacity 58956K, committed 59160K, reserved 1099776K
  class space    used 7746K, capacity 8289K, committed 8320K, reserved 1048576K
}
Event: 11.553 GC heap before
{Heap before GC invocations=14 (full 3):
 PSYoungGen      total 172544K, used 153600K [0x00000000d5580000, 0x00000000e3300000, 0x0000000100000000)
  eden space 153600K, 100% used [0x00000000d5580000,0x00000000deb80000,0x00000000deb80000)
  from space 18944K, 0% used [0x00000000e0380000,0x00000000e0380000,0x00000000e1600000)
  to   space 24576K, 0% used [0x00000000deb80000,0x00000000deb80000,0x00000000e0380000)
 ParOldGen       total 254976K, used 39586K [0x0000000080000000, 0x000000008f900000, 0x00000000d5580000)
  object space 254976K, 15% used [0x0000000080000000,0x00000000826a8ab0,0x000000008f900000)
 Metaspace       used 64450K, capacity 67364K, committed 67712K, reserved 1107968K
  class space    used 8996K, capacity 9558K, committed 9600K, reserved 1048576K
Event: 11.572 GC heap after
Heap after GC invocations=14 (full 3):
 PSYoungGen      total 178176K, used 16704K [0x00000000d5580000, 0x00000000e3600000, 0x0000000100000000)
  eden space 153600K, 0% used [0x00000000d5580000,0x00000000d5580000,0x00000000deb80000)
  from space 24576K, 67% used [0x00000000deb80000,0x00000000dfbd0028,0x00000000e0380000)
  to   space 25088K, 0% used [0x00000000e1d80000,0x00000000e1d80000,0x00000000e3600000)
 ParOldGen       total 254976K, used 39594K [0x0000000080000000, 0x000000008f900000, 0x00000000d5580000)
  object space 254976K, 15% used [0x0000000080000000,0x00000000826aaab0,0x000000008f900000)
 Metaspace       used 64450K, capacity 67364K, committed 67712K, reserved 1107968K
  class space    used 8996K, capacity 9558K, committed 9600K, reserved 1048576K
}
Event: 14.573 GC heap before
{Heap before GC invocations=15 (full 3):
 PSYoungGen      total 178176K, used 170304K [0x00000000d5580000, 0x00000000e3600000, 0x0000000100000000)
  eden space 153600K, 100% used [0x00000000d5580000,0x00000000deb80000,0x00000000deb80000)
  from space 24576K, 67% used [0x00000000deb80000,0x00000000dfbd0028,0x00000000e0380000)
  to   space 25088K, 0% used [0x00000000e1d80000,0x00000000e1d80000,0x00000000e3600000)
 ParOldGen       total 254976K, used 39594K [0x0000000080000000, 0x000000008f900000, 0x00000000d5580000)
  object space 254976K, 15% used [0x0000000080000000,0x00000000826aaab0,0x000000008f900000)
 Metaspace       used 73280K, capacity 76796K, committed 77056K, reserved 1116160K
  class space    used 10041K, capacity 10704K, committed 10752K, reserved 1048576K
Event: 14.609 GC heap after
Heap after GC invocations=15 (full 3):
 PSYoungGen      total 202240K, used 23303K [0x00000000d5580000, 0x00000000e3b00000, 0x0000000100000000)
  eden space 177152K, 0% used [0x00000000d5580000,0x00000000d5580000,0x00000000e0280000)
  from space 25088K, 92% used [0x00000000e1d80000,0x00000000e3441e18,0x00000000e3600000)
  to   space 27648K, 0% used [0x00000000e0280000,0x00000000e0280000,0x00000000e1d80000)
 ParOldGen       total 254976K, used 39602K [0x0000000080000000, 0x000000008f900000, 0x00000000d5580000)
  object space 254976K, 15% used [0x0000000080000000,0x00000000826acab0,0x000000008f900000)
 Metaspace       used 73280K, capacity 76796K, committed 77056K, reserved 1116160K
  class space    used 10041K, capacity 10704K, committed 10752K, reserved 1048576K
}
Event: 18.711 GC heap before
{Heap before GC invocations=16 (full 3):
 PSYoungGen      total 202240K, used 200455K [0x00000000d5580000, 0x00000000e3b00000, 0x0000000100000000)
  eden space 177152K, 100% used [0x00000000d5580000,0x00000000e0280000,0x00000000e0280000)
  from space 25088K, 92% used [0x00000000e1d80000,0x00000000e3441e18,0x00000000e3600000)
  to   space 27648K, 0% used [0x00000000e0280000,0x00000000e0280000,0x00000000e1d80000)
 ParOldGen       total 254976K, used 39602K [0x0000000080000000, 0x000000008f900000, 0x00000000d5580000)
  object space 254976K, 15% used [0x0000000080000000,0x00000000826acab0,0x000000008f900000)
 Metaspace       used 81307K, capacity 85708K, committed 86016K, reserved 1124352K
  class space    used 11114K, capacity 11907K, committed 12032K, reserved 1048576K
Event: 18.743 GC heap after
Heap after GC invocations=16 (full 3):
 PSYoungGen      total 204800K, used 27629K [0x00000000d5580000, 0x00000000e5f80000, 0x0000000100000000)
  eden space 177152K, 0% used [0x00000000d5580000,0x00000000d5580000,0x00000000e0280000)
  from space 27648K, 99% used [0x00000000e0280000,0x00000000e1d7b748,0x00000000e1d80000)
  to   space 33792K, 0% used [0x00000000e3e80000,0x00000000e3e80000,0x00000000e5f80000)
 ParOldGen       total 254976K, used 46849K [0x0000000080000000, 0x000000008f900000, 0x00000000d5580000)
  object space 254976K, 18% used [0x0000000080000000,0x0000000082dc0770,0x000000008f900000)
 Metaspace       used 81307K, capacity 85708K, committed 86016K, reserved 1124352K
  class space    used 11114K, capacity 11907K, committed 12032K, reserved 1048576K
}

