# JRE version: Java(TM) SE Runtime Environment (8.0_241-b07) (build 1.8.0_241-b07)
# Java VM: Java HotSpot(TM) 64-Bit Server VM (25.241-b07 mixed mode windows-amd64 compressed oops)
Heap:
 PSYoungGen      total 650752K, used 572945K [0x00000000d5580000, 0x0000000100000000, 0x0000000100000000)
  eden space 616960K, 92% used [0x00000000d5580000,0x00000000f8504698,0x00000000fb000000)
  from space 33792K, 0% used [0x00000000fb000000,0x00000000fb000000,0x00000000fd100000)
  to   space 45056K, 0% used [0x00000000fd400000,0x00000000fd400000,0x0000000100000000)
 ParOldGen       total 422912K, used 100373K [0x0000000080000000, 0x0000000099d00000, 0x00000000d5580000)
  object space 422912K, 23% used [0x0000000080000000,0x0000000086205688,0x0000000099d00000)
 Metaspace       used 93417K, capacity 97936K, committed 99160K, reserved 1134592K
  class space    used 12476K, capacity 13301K, committed 13656K, reserved 1048576K
GC Heap History (10 events):
Event: 76.828 GC heap before
{Heap before GC invocations=79 (full 3):
 PSYoungGen      total 683008K, used 671232K [0x00000000d5580000, 0x0000000100000000, 0x0000000100000000)
  eden space 671232K, 100% used [0x00000000d5580000,0x00000000fe500000,0x00000000fe500000)
  from space 11776K, 0% used [0x00000000fe500000,0x00000000fe500000,0x00000000ff080000)
  to   space 14848K, 0% used [0x00000000ff180000,0x00000000ff180000,0x0000000100000000)
 ParOldGen       total 261632K, used 47779K [0x0000000080000000, 0x000000008ff80000, 0x00000000d5580000)
  object space 261632K, 18% used [0x0000000080000000,0x0000000082ea8dd8,0x000000008ff80000)
 Metaspace       used 91101K, capacity 95944K, committed 96216K, reserved 1132544K
  class space    used 12359K, capacity 13239K, committed 13272K, reserved 1048576K
Event: 76.878 GC heap after
Heap after GC invocations=79 (full 3):
 PSYoungGen      total 643072K, used 14842K [0x00000000d5580000, 0x0000000100000000, 0x0000000100000000)
  eden space 628224K, 0% used [0x00000000d5580000,0x00000000d5580000,0x00000000fbb00000)
  from space 14848K, 99% used [0x00000000ff180000,0x00000000ffffea18,0x0000000100000000)
  to   space 35328K, 0% used [0x00000000fbb00000,0x00000000fbb00000,0x00000000fdd80000)
 ParOldGen       total 261632K, used 97702K [0x0000000080000000, 0x000000008ff80000, 0x00000000d5580000)
  object space 261632K, 37% used [0x0000000080000000,0x0000000085f69ad8,0x000000008ff80000)
 Metaspace       used 91101K, capacity 95944K, committed 96216K, reserved 1132544K
  class space    used 12359K, capacity 13239K, committed 13272K, reserved 1048576K
}
Event: 79.716 GC heap before
{Heap before GC invocations=80 (full 3):
 PSYoungGen      total 643072K, used 643066K [0x00000000d5580000, 0x0000000100000000, 0x0000000100000000)
  eden space 628224K, 100% used [0x00000000d5580000,0x00000000fbb00000,0x00000000fbb00000)
  from space 14848K, 99% used [0x00000000ff180000,0x00000000ffffea18,0x0000000100000000)
  to   space 35328K, 0% used [0x00000000fbb00000,0x00000000fbb00000,0x00000000fdd80000)
 ParOldGen       total 261632K, used 97702K [0x0000000080000000, 0x000000008ff80000, 0x00000000d5580000)
  object space 261632K, 37% used [0x0000000080000000,0x0000000085f69ad8,0x000000008ff80000)
 Metaspace       used 92370K, capacity 97664K, committed 98008K, reserved 1134592K
  class space    used 12525K, capacity 13487K, committed 13528K, reserved 1048576K
Event: 79.752 GC heap after
Heap after GC invocations=80 (full 3):
 PSYoungGen      total 657920K, used 29434K [0x00000000d5580000, 0x0000000100000000, 0x0000000100000000)
  eden space 628224K, 0% used [0x00000000d5580000,0x00000000d5580000,0x00000000fbb00000)
  from space 29696K, 99% used [0x00000000fbb00000,0x00000000fd7be910,0x00000000fd800000)
  to   space 38912K, 0% used [0x00000000fda00000,0x00000000fda00000,0x0000000100000000)
 ParOldGen       total 261632K, used 97710K [0x0000000080000000, 0x000000008ff80000, 0x00000000d5580000)
  object space 261632K, 37% used [0x0000000080000000,0x0000000085f6bad8,0x000000008ff80000)
 Metaspace       used 92370K, capacity 97664K, committed 98008K, reserved 1134592K
  class space    used 12525K, capacity 13487K, committed 13528K, reserved 1048576K
}
Event: 82.161 GC heap before
{Heap before GC invocations=81 (full 3):
 PSYoungGen      total 657920K, used 657658K [0x00000000d5580000, 0x0000000100000000, 0x0000000100000000)
  eden space 628224K, 100% used [0x00000000d5580000,0x00000000fbb00000,0x00000000fbb00000)
  from space 29696K, 99% used [0x00000000fbb00000,0x00000000fd7be910,0x00000000fd800000)
  to   space 38912K, 0% used [0x00000000fda00000,0x00000000fda00000,0x0000000100000000)
 ParOldGen       total 261632K, used 97710K [0x0000000080000000, 0x000000008ff80000, 0x00000000d5580000)
  object space 261632K, 37% used [0x0000000080000000,0x0000000085f6bad8,0x000000008ff80000)
 Metaspace       used 92447K, capacity 97770K, committed 98008K, reserved 1134592K
  class space    used 12530K, capacity 13494K, committed 13528K, reserved 1048576K
Event: 82.183 GC heap after
Heap after GC invocations=81 (full 3):
 PSYoungGen      total 655872K, used 27005K [0x00000000d5580000, 0x0000000100000000, 0x0000000100000000)
  eden space 616960K, 0% used [0x00000000d5580000,0x00000000d5580000,0x00000000fb000000)
  from space 38912K, 69% used [0x00000000fda00000,0x00000000ff45f538,0x0000000100000000)
  to   space 40960K, 0% used [0x00000000fb000000,0x00000000fb000000,0x00000000fd800000)
 ParOldGen       total 261632K, used 97718K [0x0000000080000000, 0x000000008ff80000, 0x00000000d5580000)
  object space 261632K, 37% used [0x0000000080000000,0x0000000085f6dad8,0x000000008ff80000)
 Metaspace       used 92447K, capacity 97770K, committed 98008K, reserved 1134592K
  class space    used 12530K, capacity 13494K, committed 13528K, reserved 1048576K
}
Event: 96.431 GC heap before
{Heap before GC invocations=82 (full 3):
 PSYoungGen      total 655872K, used 509727K [0x00000000d5580000, 0x0000000100000000, 0x0000000100000000)
  eden space 616960K, 78% used [0x00000000d5580000,0x00000000f2ce88f8,0x00000000fb000000)
  from space 38912K, 69% used [0x00000000fda00000,0x00000000ff45f538,0x0000000100000000)
  to   space 40960K, 0% used [0x00000000fb000000,0x00000000fb000000,0x00000000fd800000)
 ParOldGen       total 261632K, used 97718K [0x0000000080000000, 0x000000008ff80000, 0x00000000d5580000)
  object space 261632K, 37% used [0x0000000080000000,0x0000000085f6dad8,0x000000008ff80000)
 Metaspace       used 92877K, capacity 98236K, committed 98264K, reserved 1134592K
  class space    used 12545K, capacity 13501K, committed 13528K, reserved 1048576K
Event: 96.458 GC heap after
Heap after GC invocations=82 (full 3):
 PSYoungGen      total 650752K, used 33358K [0x00000000d5580000, 0x0000000100000000, 0x0000000100000000)
  eden space 616960K, 0% used [0x00000000d5580000,0x00000000d5580000,0x00000000fb000000)
  from space 33792K, 98% used [0x00000000fb000000,0x00000000fd093ba8,0x00000000fd100000)
  to   space 45056K, 0% used [0x00000000fd400000,0x00000000fd400000,0x0000000100000000)
 ParOldGen       total 261632K, used 97726K [0x0000000080000000, 0x000000008ff80000, 0x00000000d5580000)
  object space 261632K, 37% used [0x0000000080000000,0x0000000085f6fad8,0x000000008ff80000)
 Metaspace       used 92877K, capacity 98236K, committed 98264K, reserved 1134592K
  class space    used 12545K, capacity 13501K, committed 13528K, reserved 1048576K
}
Event: 96.458 GC heap before
{Heap before GC invocations=83 (full 4):
 PSYoungGen      total 650752K, used 33358K [0x00000000d5580000, 0x0000000100000000, 0x0000000100000000)
  eden space 616960K, 0% used [0x00000000d5580000,0x00000000d5580000,0x00000000fb000000)
  from space 33792K, 98% used [0x00000000fb000000,0x00000000fd093ba8,0x00000000fd100000)
  to   space 45056K, 0% used [0x00000000fd400000,0x00000000fd400000,0x0000000100000000)
 ParOldGen       total 261632K, used 97726K [0x0000000080000000, 0x000000008ff80000, 0x00000000d5580000)
  object space 261632K, 37% used [0x0000000080000000,0x0000000085f6fad8,0x000000008ff80000)
 Metaspace       used 92877K, capacity 98236K, committed 98264K, reserved 1134592K
  class space    used 12545K, capacity 13501K, committed 13528K, reserved 1048576K
Event: 96.865 GC heap after
Heap after GC invocations=83 (full 4):
 PSYoungGen      total 650752K, used 0K [0x00000000d5580000, 0x0000000100000000, 0x0000000100000000)
  eden space 616960K, 0% used [0x00000000d5580000,0x00000000d5580000,0x00000000fb000000)
  from space 33792K, 0% used [0x00000000fb000000,0x00000000fb000000,0x00000000fd100000)
  to   space 45056K, 0% used [0x00000000fd400000,0x00000000fd400000,0x0000000100000000)
 ParOldGen       total 422912K, used 100373K [0x0000000080000000, 0x0000000099d00000, 0x00000000d5580000)
  object space 422912K, 23% used [0x0000000080000000,0x0000000086205688,0x0000000099d00000)
 Metaspace       used 92401K, capacity 96936K, committed 98264K, reserved 1134592K
  class space    used 12385K, capacity 13217K, committed 13528K, reserved 1048576K
}

